<?xml version="1.0" encoding="UTF-8"?>
<!-- Generated by org.testng.reporters.JUnitReportReporter -->
<testsuite hostname="LAPTOP-SAR5P7K4" failures="0" tests="1" name="MavenTest.test0005" time="0.008" errors="0" timestamp="2022-09-22T23:54:03 IST" skipped="0">
  <testcase classname="MavenTest.test0005" name="contact" time="0.008"/>
  <system-out/>
</testsuite> <!-- MavenTest.test0005 -->
